ERROR: LoadError: InitError: Could not find a suitable CUDA installation
Stacktrace:
 [1] error(::String) at ./error.jl:33
 [2] __runtime_init__() at /home/xinkai/.julia/packages/CUDA/dZvbp/src/initialization.jl:110
 [3] (::CUDA.var"#609#610"{Bool})() at /home/xinkai/.julia/packages/CUDA/dZvbp/src/initialization.jl:32
 [4] lock(::CUDA.var"#609#610"{Bool}, ::ReentrantLock) at ./lock.jl:161
 [5] _functional(::Bool) at /home/xinkai/.julia/packages/CUDA/dZvbp/src/initialization.jl:26
 [6] functional(::Bool) at /home/xinkai/.julia/packages/CUDA/dZvbp/src/initialization.jl:19
 [7] libcuda at /home/xinkai/.julia/packages/CUDA/dZvbp/src/initialization.jl:50 [inlined]
 [8] (::CUDA.var"#588#cache_fptr!#11")() at /home/xinkai/.julia/packages/CUDA/dZvbp/lib/utils/call.jl:31
 [9] macro expansion at /home/xinkai/.julia/packages/CUDA/dZvbp/lib/utils/call.jl:39 [inlined]
 [10] macro expansion at /home/xinkai/.julia/packages/CUDA/dZvbp/lib/cudadrv/libcuda.jl:40 [inlined]
 [11] macro expansion at /home/xinkai/.julia/packages/CUDA/dZvbp/lib/cudadrv/error.jl:108 [inlined]
 [12] cuDeviceGetCount(::Base.RefValue{Int32}) at /home/xinkai/.julia/packages/CUDA/dZvbp/lib/utils/call.jl:93
 [13] length at /home/xinkai/.julia/packages/CUDA/dZvbp/lib/cudadrv/devices.jl:111 [inlined]
 [14] iterate at /home/xinkai/.julia/packages/CUDA/dZvbp/lib/cudadrv/devices.jl:106 [inlined] (repeats 2 times)
 [15] iterate at ./iterators.jl:139 [inlined]
 [16] iterate at ./iterators.jl:138 [inlined]
 [17] __init__() at /home/xinkai/.julia/packages/Oceananigans/nKAWY/src/Oceananigans.jl:173
 [18] _include_from_serialized(::String, ::Array{Any,1}) at ./loading.jl:697
 [19] _require_search_from_serialized(::Base.PkgId, ::String) at ./loading.jl:781
 [20] _require(::Base.PkgId) at ./loading.jl:1006
 [21] require(::Base.PkgId) at ./loading.jl:927
 [22] require(::Module, ::Symbol) at ./loading.jl:922
 [23] include(::Module, ::String) at ./Base.jl:377
 [24] exec_options(::Base.JLOptions) at ./client.jl:288
 [25] _start() at ./client.jl:484
during initialization of module Oceananigans
in expression starting at /home/xinkai/ClimateSurrogates.jl/wind_mixing/wind_mixing.jl:3
