[36m[1m[ [22m[39m[36m[1mInfo: [22m[39mOpening file
[36m[1m[ [22m[39m[36m[1mInfo: [22m[39mLoading file
[36m[1m[ [22m[39m[36m[1mInfo: [22m[39mWriting file
[36m[1m[ [22m[39m[36m[1mInfo: [22m[39mWriting Training Info
[91m[1mERROR: [22m[39mLoadError: [91mMethodError: [0mCannot `convert` an object of type [39m
[91m[0m  [92mArray{Pair{Any,Any},1}[39m[0m to an object of type [39m
[91m[0m  [91mIdDict[39m[39m
[91m[0mClosest candidates are:[39m
[91m[0m  convert(::Type{T}, [91m::T[39m) where T<:AbstractDict at abstractdict.jl:515[39m
[91m[0m  convert(::Type{T}, [91m::AbstractDict[39m) where T<:AbstractDict at abstractdict.jl:517[39m
[91m[0m  convert(::Type{T}, [91m::T[39m) where T at essentials.jl:171[39m
[91m[0m  ...[39m
Stacktrace:
 [1] [1mmacro expansion[22m at [1m/state/partition1/llgrid/pkg/julia/julia-1.5.2/local/share/julia/packages/JLD2/eU405/src/data.jl:1384[22m [inlined]
 [2] [1mjlconvert[22m[1m([22m::JLD2.ReadRepresentation{ADAM,JLD2.OnDiskRepresentation{(0, 8, 24),Tuple{Float64,Tuple{Float64,Float64},Any},Tuple{Float64,Tuple{Float64,Float64},JLD2.RelOffset}}()}, ::JLD2.JLDFile{JLD2.MmapIO}, ::Ptr{Nothing}, ::JLD2.RelOffset[1m)[22m at [1m/state/partition1/llgrid/pkg/julia/julia-1.5.2/local/share/julia/packages/JLD2/eU405/src/data.jl:1329[22m
 [3] [1mread_scalar[22m at [1m/state/partition1/llgrid/pkg/julia/julia-1.5.2/local/share/julia/packages/JLD2/eU405/src/dataio.jl:37[22m [inlined]
 [4] [1mread_data[22m[1m([22m::JLD2.JLDFile{JLD2.MmapIO}, ::JLD2.ReadRepresentation{ADAM,JLD2.OnDiskRepresentation{(0, 8, 24),Tuple{Float64,Tuple{Float64,Float64},Any},Tuple{Float64,Tuple{Float64,Float64},JLD2.RelOffset}}()}, ::Tuple{JLD2.ReadDataspace,JLD2.RelOffset,Int64,UInt16}, ::Array{JLD2.ReadAttribute,1}[1m)[22m at [1m/state/partition1/llgrid/pkg/julia/julia-1.5.2/local/share/julia/packages/JLD2/eU405/src/datasets.jl:170[22m
 [5] [1mread_data[22m[1m([22m::JLD2.JLDFile{JLD2.MmapIO}, ::JLD2.ReadDataspace, ::UInt8, ::Int64, ::Int64, ::Int64, ::UInt16, ::JLD2.RelOffset, ::Array{JLD2.ReadAttribute,1}[1m)[22m at [1m/state/partition1/llgrid/pkg/julia/julia-1.5.2/local/share/julia/packages/JLD2/eU405/src/datasets.jl:149[22m
 [6] [1mload_dataset[22m[1m([22m::JLD2.JLDFile{JLD2.MmapIO}, ::JLD2.RelOffset[1m)[22m at [1m/state/partition1/llgrid/pkg/julia/julia-1.5.2/local/share/julia/packages/JLD2/eU405/src/datasets.jl:92[22m
 [7] [1mjlconvert[22m at [1m/state/partition1/llgrid/pkg/julia/julia-1.5.2/local/share/julia/packages/JLD2/eU405/src/data.jl:676[22m [inlined]
 [8] [1mmacro expansion[22m at [1m/state/partition1/llgrid/pkg/julia/julia-1.5.2/local/share/julia/packages/JLD2/eU405/src/dataio.jl:70[22m [inlined]
 [9] [1mmacro expansion[22m at [1m./simdloop.jl:77[22m [inlined]
 [10] [1mread_array![22m[1m([22m::Array{ADAM,1}, ::JLD2.JLDFile{JLD2.MmapIO}, ::JLD2.ReadRepresentation{ADAM,JLD2.RelOffset}[1m)[22m at [1m/state/partition1/llgrid/pkg/julia/julia-1.5.2/local/share/julia/packages/JLD2/eU405/src/dataio.jl:68[22m
 [11] [1mread_array[22m[1m([22m::JLD2.JLDFile{JLD2.MmapIO}, ::JLD2.ReadDataspace, ::JLD2.ReadRepresentation{ADAM,JLD2.RelOffset}, ::Int64, ::UInt16, ::JLD2.RelOffset, ::Array{JLD2.ReadAttribute,1}[1m)[22m at [1m/state/partition1/llgrid/pkg/julia/julia-1.5.2/local/share/julia/packages/JLD2/eU405/src/datasets.jl:326[22m
 [12] [1mread_data[22m[1m([22m::JLD2.JLDFile{JLD2.MmapIO}, ::JLD2.ReadRepresentation{Any,JLD2.RelOffset}, ::Tuple{JLD2.ReadDataspace,JLD2.RelOffset,Int64,UInt16}, ::Array{JLD2.ReadAttribute,1}[1m)[22m at [1m/state/partition1/llgrid/pkg/julia/julia-1.5.2/local/share/julia/packages/JLD2/eU405/src/datasets.jl:200[22m
 [13] [1mmacro expansion[22m at [1m/state/partition1/llgrid/pkg/julia/julia-1.5.2/local/share/julia/packages/JLD2/eU405/src/datasets.jl:156[22m [inlined]
 [14] [1mmacro expansion[22m at [1m/state/partition1/llgrid/pkg/julia/julia-1.5.2/local/share/julia/packages/JLD2/eU405/src/datatypes.jl:76[22m [inlined]
 [15] [1mread_data[22m[1m([22m::JLD2.JLDFile{JLD2.MmapIO}, ::JLD2.ReadDataspace, ::UInt8, ::Int64, ::Int64, ::Int64, ::UInt16, ::JLD2.RelOffset, ::Array{JLD2.ReadAttribute,1}[1m)[22m at [1m/state/partition1/llgrid/pkg/julia/julia-1.5.2/local/share/julia/packages/JLD2/eU405/src/datasets.jl:152[22m
 [16] [1mload_dataset[22m[1m([22m::JLD2.JLDFile{JLD2.MmapIO}, ::JLD2.RelOffset[1m)[22m at [1m/state/partition1/llgrid/pkg/julia/julia-1.5.2/local/share/julia/packages/JLD2/eU405/src/datasets.jl:92[22m
 [17] [1mjlconvert[22m at [1m/state/partition1/llgrid/pkg/julia/julia-1.5.2/local/share/julia/packages/JLD2/eU405/src/data.jl:676[22m [inlined]
 [18] [1mmacro expansion[22m at [1m/state/partition1/llgrid/pkg/julia/julia-1.5.2/local/share/julia/packages/JLD2/eU405/src/dataio.jl:70[22m [inlined]
 [19] [1mmacro expansion[22m at [1m./simdloop.jl:77[22m [inlined]
 [20] [1mread_array![22m[1m([22m::Array{Array{ADAM,1},1}, ::JLD2.JLDFile{JLD2.MmapIO}, ::JLD2.ReadRepresentation{Array{ADAM,1},JLD2.RelOffset}[1m)[22m at [1m/state/partition1/llgrid/pkg/julia/julia-1.5.2/local/share/julia/packages/JLD2/eU405/src/dataio.jl:68[22m
 [21] [1mread_array[22m[1m([22m::JLD2.JLDFile{JLD2.MmapIO}, ::JLD2.ReadDataspace, ::JLD2.ReadRepresentation{Array{ADAM,1},JLD2.RelOffset}, ::Int64, ::UInt16, ::JLD2.RelOffset, ::Array{JLD2.ReadAttribute,1}[1m)[22m at [1m/state/partition1/llgrid/pkg/julia/julia-1.5.2/local/share/julia/packages/JLD2/eU405/src/datasets.jl:326[22m
 [22] [1mread_data[22m[1m([22m::JLD2.JLDFile{JLD2.MmapIO}, ::JLD2.ReadRepresentation{Any,JLD2.RelOffset}, ::Tuple{JLD2.ReadDataspace,JLD2.RelOffset,Int64,UInt16}, ::Array{JLD2.ReadAttribute,1}[1m)[22m at [1m/state/partition1/llgrid/pkg/julia/julia-1.5.2/local/share/julia/packages/JLD2/eU405/src/datasets.jl:200[22m
 [23] [1mmacro expansion[22m at [1m/state/partition1/llgrid/pkg/julia/julia-1.5.2/local/share/julia/packages/JLD2/eU405/src/datasets.jl:156[22m [inlined]
 [24] [1mmacro expansion[22m at [1m/state/partition1/llgrid/pkg/julia/julia-1.5.2/local/share/julia/packages/JLD2/eU405/src/datatypes.jl:76[22m [inlined]
 [25] [1mread_data[22m[1m([22m::JLD2.JLDFile{JLD2.MmapIO}, ::JLD2.ReadDataspace, ::UInt8, ::Int64, ::Int64, ::Int64, ::UInt16, ::JLD2.RelOffset, ::Array{JLD2.ReadAttribute,1}[1m)[22m at [1m/state/partition1/llgrid/pkg/julia/julia-1.5.2/local/share/julia/packages/JLD2/eU405/src/datasets.jl:152[22m
 [26] [1mload_dataset[22m[1m([22m::JLD2.JLDFile{JLD2.MmapIO}, ::JLD2.RelOffset[1m)[22m at [1m/state/partition1/llgrid/pkg/julia/julia-1.5.2/local/share/julia/packages/JLD2/eU405/src/datasets.jl:92[22m
 [27] [1mgetindex[22m[1m([22m::JLD2.Group{JLD2.JLDFile{JLD2.MmapIO}}, ::String[1m)[22m at [1m/state/partition1/llgrid/pkg/julia/julia-1.5.2/local/share/julia/packages/JLD2/eU405/src/groups.jl:108[22m
 [28] [1m(::var"#1#2")[22m[1m([22m::JLD2.JLDFile{JLD2.MmapIO}[1m)[22m at [1m/home/gridsan/xinkai/OceanParameterizations.jl/wind_mixing/extract_NN.jl:25[22m
 [29] [1mjldopen[22m[1m([22m::var"#1#2", ::String, ::Vararg{String,N} where N; kws::Base.Iterators.Pairs{Union{},Union{},Tuple{},NamedTuple{(),Tuple{}}}[1m)[22m at [1m/state/partition1/llgrid/pkg/julia/julia-1.5.2/local/share/julia/packages/JLD2/eU405/src/loadsave.jl:4[22m
 [30] [1mjldopen[22m[1m([22m::Function, ::String, ::String[1m)[22m at [1m/state/partition1/llgrid/pkg/julia/julia-1.5.2/local/share/julia/packages/JLD2/eU405/src/loadsave.jl:2[22m
 [31] top-level scope at [1m/home/gridsan/xinkai/OceanParameterizations.jl/wind_mixing/extract_NN.jl:22[22m
 [32] [1minclude[22m[1m([22m::Function, ::Module, ::String[1m)[22m at [1m./Base.jl:380[22m
 [33] [1minclude[22m[1m([22m::Module, ::String[1m)[22m at [1m./Base.jl:368[22m
 [34] [1mexec_options[22m[1m([22m::Base.JLOptions[1m)[22m at [1m./client.jl:296[22m
 [35] [1m_start[22m[1m([22m[1m)[22m at [1m./client.jl:506[22m
in expression starting at /home/gridsan/xinkai/OceanParameterizations.jl/wind_mixing/extract_NN.jl:22
